{"numFailedTestSuites":0,"numFailedTests":0,"numPassedTestSuites":20,"numPassedTests":126,"numPendingTestSuites":0,"numPendingTests":0,"numRuntimeErrorTestSuites":0,"numTodoTests":0,"numTotalTestSuites":20,"numTotalTests":126,"openHandles":[],"snapshot":{"added":0,"didUpdate":false,"failure":false,"filesAdded":0,"filesRemoved":0,"filesRemovedList":[],"filesUnmatched":0,"filesUpdated":0,"matched":0,"total":0,"unchecked":0,"uncheckedKeysByFile":[],"unmatched":0,"updated":0},"startTime":1760330106543,"success":true,"testResults":[{"assertionResults":[{"ancestorTitles":["PropertyController (integration)","POST /properties"],"duration":13,"failing":false,"failureDetails":[],"failureMessages":[],"fullName":"PropertyController (integration) POST /properties debe crear una nueva propiedad","invocations":1,"location":null,"numPassingAsserts":10,"retryReasons":[],"startAt":1760330110765,"status":"passed","title":"debe crear una nueva propiedad"},{"ancestorTitles":["PropertyController (integration)","POST /properties"],"duration":8,"failing":false,"failureDetails":[],"failureMessages":[],"fullName":"PropertyController (integration) POST /properties debe fallar al crear una propiedad sin título","invocations":1,"location":null,"numPassingAsserts":0,"retryReasons":[],"startAt":1760330110778,"status":"passed","title":"debe fallar al crear una propiedad sin título"},{"ancestorTitles":["PropertyController (integration)","GET /properties"],"duration":6,"failing":false,"failureDetails":[],"failureMessages":[],"fullName":"PropertyController (integration) GET /properties debe obtener la lista de propiedades","invocations":1,"location":null,"numPassingAsserts":2,"retryReasons":[],"startAt":1760330110786,"status":"passed","title":"debe obtener la lista de propiedades"},{"ancestorTitles":["PropertyController (integration)","GET /properties"],"duration":7,"failing":false,"failureDetails":[],"failureMessages":[],"fullName":"PropertyController (integration) GET /properties debe filtrar propiedades por tipo","invocations":1,"location":null,"numPassingAsserts":32,"retryReasons":[],"startAt":1760330110792,"status":"passed","title":"debe filtrar propiedades por tipo"},{"ancestorTitles":["PropertyController (integration)","GET /properties/:id"],"duration":3,"failing":false,"failureDetails":[],"failureMessages":[],"fullName":"PropertyController (integration) GET /properties/:id debe obtener una propiedad por ID","invocations":1,"location":null,"numPassingAsserts":3,"retryReasons":[],"startAt":1760330110800,"status":"passed","title":"debe obtener una propiedad por ID"},{"ancestorTitles":["PropertyController (integration)","GET /properties/:id"],"duration":5,"failing":false,"failureDetails":[],"failureMessages":[],"fullName":"PropertyController (integration) GET /properties/:id debe fallar al buscar una ID que no existe","invocations":1,"location":null,"numPassingAsserts":0,"retryReasons":[],"startAt":1760330110803,"status":"passed","title":"debe fallar al buscar una ID que no existe"},{"ancestorTitles":["PropertyController (integration)","PATCH /properties/:id"],"duration":11,"failing":false,"failureDetails":[],"failureMessages":[],"fullName":"PropertyController (integration) PATCH /properties/:id debe actualizar una propiedad existente","invocations":1,"location":null,"numPassingAsserts":4,"retryReasons":[],"startAt":1760330110808,"status":"passed","title":"debe actualizar una propiedad existente"},{"ancestorTitles":["PropertyController (integration)","PATCH /properties/:id"],"duration":5,"failing":false,"failureDetails":[],"failureMessages":[],"fullName":"PropertyController (integration) PATCH /properties/:id debe fallar al actualizar con precio negativo","invocations":1,"location":null,"numPassingAsserts":0,"retryReasons":[],"startAt":1760330110819,"status":"passed","title":"debe fallar al actualizar con precio negativo"},{"ancestorTitles":["PropertyController (integration)","DELETE /properties/:id"],"duration":8,"failing":false,"failureDetails":[],"failureMessages":[],"fullName":"PropertyController (integration) DELETE /properties/:id debe eliminar una propiedad existente","invocations":1,"location":null,"numPassingAsserts":0,"retryReasons":[],"startAt":1760330110824,"status":"passed","title":"debe eliminar una propiedad existente"}],"endTime":1760330110846,"message":"","name":"/Users/felipe/dev/realEstatePlatform/backend/test/property/property.integration.spec.ts","startTime":1760330106629,"status":"passed","summary":""},{"assertionResults":[{"ancestorTitles":["UsersController (integration)","POST /users"],"duration":218,"failing":false,"failureDetails":[],"failureMessages":[],"fullName":"UsersController (integration) POST /users debe crear un nuevo usuario","invocations":1,"location":null,"numPassingAsserts":6,"retryReasons":[],"startAt":1760330111682,"status":"passed","title":"debe crear un nuevo usuario"},{"ancestorTitles":["UsersController (integration)","POST /users"],"duration":6,"failing":false,"failureDetails":[],"failureMessages":[],"fullName":"UsersController (integration) POST /users debe fallar al crear un usuario con email duplicado","invocations":1,"location":null,"numPassingAsserts":0,"retryReasons":[],"startAt":1760330111900,"status":"passed","title":"debe fallar al crear un usuario con email duplicado"},{"ancestorTitles":["UsersController (integration)","GET /users"],"duration":4,"failing":false,"failureDetails":[],"failureMessages":[],"fullName":"UsersController (integration) GET /users debe obtener la lista de usuarios","invocations":1,"location":null,"numPassingAsserts":2,"retryReasons":[],"startAt":1760330111906,"status":"passed","title":"debe obtener la lista de usuarios"},{"ancestorTitles":["UsersController (integration)","GET /users/:id"],"duration":5,"failing":false,"failureDetails":[],"failureMessages":[],"fullName":"UsersController (integration) GET /users/:id debe obtener un usuario por ID","invocations":1,"location":null,"numPassingAsserts":2,"retryReasons":[],"startAt":1760330111910,"status":"passed","title":"debe obtener un usuario por ID"},{"ancestorTitles":["UsersController (integration)","GET /users/:id"],"duration":3,"failing":false,"failureDetails":[],"failureMessages":[],"fullName":"UsersController (integration) GET /users/:id debe fallar al buscar un ID que no existe","invocations":1,"location":null,"numPassingAsserts":0,"retryReasons":[],"startAt":1760330111915,"status":"passed","title":"debe fallar al buscar un ID que no existe"},{"ancestorTitles":["UsersController (integration)","PATCH /users/:id"],"duration":8,"failing":false,"failureDetails":[],"failureMessages":[],"fullName":"UsersController (integration) PATCH /users/:id debe actualizar un usuario existente","invocations":1,"location":null,"numPassingAsserts":2,"retryReasons":[],"startAt":1760330111919,"status":"passed","title":"debe actualizar un usuario existente"},{"ancestorTitles":["UsersController (integration)","PATCH /users/:id/change-password"],"duration":804,"failing":false,"failureDetails":[],"failureMessages":[],"fullName":"UsersController (integration) PATCH /users/:id/change-password debe cambiar la contraseña de un usuario","invocations":1,"location":null,"numPassingAsserts":3,"retryReasons":[],"startAt":1760330111927,"status":"passed","title":"debe cambiar la contraseña de un usuario"},{"ancestorTitles":["UsersController (integration)","PATCH /users/:id/change-password"],"duration":201,"failing":false,"failureDetails":[],"failureMessages":[],"fullName":"UsersController (integration) PATCH /users/:id/change-password debe fallar con contraseña actual incorrecta","invocations":1,"location":null,"numPassingAsserts":0,"retryReasons":[],"startAt":1760330112731,"status":"passed","title":"debe fallar con contraseña actual incorrecta"},{"ancestorTitles":["UsersController (integration)","PATCH /users/:id/change-password"],"duration":4,"failing":false,"failureDetails":[],"failureMessages":[],"fullName":"UsersController (integration) PATCH /users/:id/change-password debe fallar al cambiar contraseña de usuario que no existe","invocations":1,"location":null,"numPassingAsserts":0,"retryReasons":[],"startAt":1760330112932,"status":"passed","title":"debe fallar al cambiar contraseña de usuario que no existe"},{"ancestorTitles":["UsersController (integration)","GET /users/:id/profile"],"duration":7,"failing":false,"failureDetails":[],"failureMessages":[],"fullName":"UsersController (integration) GET /users/:id/profile debe obtener el perfil extendido de un usuario","invocations":1,"location":null,"numPassingAsserts":8,"retryReasons":[],"startAt":1760330112936,"status":"passed","title":"debe obtener el perfil extendido de un usuario"},{"ancestorTitles":["UsersController (integration)","GET /users/:id/profile"],"duration":3,"failing":false,"failureDetails":[],"failureMessages":[],"fullName":"UsersController (integration) GET /users/:id/profile debe fallar al obtener perfil de usuario que no existe","invocations":1,"location":null,"numPassingAsserts":0,"retryReasons":[],"startAt":1760330112943,"status":"passed","title":"debe fallar al obtener perfil de usuario que no existe"},{"ancestorTitles":["UsersController (integration)","PATCH /users/:id/status"],"duration":8,"failing":false,"failureDetails":[],"failureMessages":[],"fullName":"UsersController (integration) PATCH /users/:id/status debe cambiar el estado de un usuario","invocations":1,"location":null,"numPassingAsserts":3,"retryReasons":[],"startAt":1760330112946,"status":"passed","title":"debe cambiar el estado de un usuario"},{"ancestorTitles":["UsersController (integration)","PATCH /users/:id/status"],"duration":4,"failing":false,"failureDetails":[],"failureMessages":[],"fullName":"UsersController (integration) PATCH /users/:id/status debe fallar al cambiar estado de usuario que no existe","invocations":1,"location":null,"numPassingAsserts":0,"retryReasons":[],"startAt":1760330112954,"status":"passed","title":"debe fallar al cambiar estado de usuario que no existe"},{"ancestorTitles":["UsersController (integration)","PATCH /users/:id/role"],"duration":8,"failing":false,"failureDetails":[],"failureMessages":[],"fullName":"UsersController (integration) PATCH /users/:id/role debe cambiar el rol de un usuario","invocations":1,"location":null,"numPassingAsserts":3,"retryReasons":[],"startAt":1760330112958,"status":"passed","title":"debe cambiar el rol de un usuario"},{"ancestorTitles":["UsersController (integration)","PATCH /users/:id/role"],"duration":4,"failing":false,"failureDetails":[],"failureMessages":[],"fullName":"UsersController (integration) PATCH /users/:id/role debe fallar al cambiar rol de usuario que no existe","invocations":1,"location":null,"numPassingAsserts":0,"retryReasons":[],"startAt":1760330112966,"status":"passed","title":"debe fallar al cambiar rol de usuario que no existe"},{"ancestorTitles":["UsersController (integration)","PATCH /users/:id/permissions"],"duration":8,"failing":false,"failureDetails":[],"failureMessages":[],"fullName":"UsersController (integration) PATCH /users/:id/permissions debe cambiar los permisos de un usuario","invocations":1,"location":null,"numPassingAsserts":3,"retryReasons":[],"startAt":1760330112971,"status":"passed","title":"debe cambiar los permisos de un usuario"},{"ancestorTitles":["UsersController (integration)","PATCH /users/:id/permissions"],"duration":5,"failing":false,"failureDetails":[],"failureMessages":[],"fullName":"UsersController (integration) PATCH /users/:id/permissions debe fallar al cambiar permisos de usuario que no existe","invocations":1,"location":null,"numPassingAsserts":0,"retryReasons":[],"startAt":1760330112979,"status":"passed","title":"debe fallar al cambiar permisos de usuario que no existe"}],"endTime":1760330112990,"message":"","name":"/Users/felipe/dev/realEstatePlatform/backend/test/users/users.integration.spec.ts","startTime":1760330110856,"status":"passed","summary":""},{"assertionResults":[{"ancestorTitles":["ContractController (integration)"],"duration":22,"failing":false,"failureDetails":[],"failureMessages":[],"fullName":"ContractController (integration) POST /contracts - debe crear un nuevo contrato","invocations":1,"location":null,"numPassingAsserts":6,"retryReasons":[],"startAt":1760330113419,"status":"passed","title":"POST /contracts - debe crear un nuevo contrato"},{"ancestorTitles":["ContractController (integration)"],"duration":7,"failing":false,"failureDetails":[],"failureMessages":[],"fullName":"ContractController (integration) GET /contracts - debe obtener la lista de contratos","invocations":1,"location":null,"numPassingAsserts":2,"retryReasons":[],"startAt":1760330113442,"status":"passed","title":"GET /contracts - debe obtener la lista de contratos"},{"ancestorTitles":["ContractController (integration)"],"duration":6,"failing":false,"failureDetails":[],"failureMessages":[],"fullName":"ContractController (integration) GET /contracts/:id - debe obtener un contrato por ID","invocations":1,"location":null,"numPassingAsserts":4,"retryReasons":[],"startAt":1760330113449,"status":"passed","title":"GET /contracts/:id - debe obtener un contrato por ID"},{"ancestorTitles":["ContractController (integration)"],"duration":10,"failing":false,"failureDetails":[],"failureMessages":[],"fullName":"ContractController (integration) PATCH /contracts/:id - debe actualizar un contrato existente","invocations":1,"location":null,"numPassingAsserts":2,"retryReasons":[],"startAt":1760330113455,"status":"passed","title":"PATCH /contracts/:id - debe actualizar un contrato existente"},{"ancestorTitles":["ContractController (integration)"],"duration":11,"failing":false,"failureDetails":[],"failureMessages":[],"fullName":"ContractController (integration) DELETE /contracts/:id - debe eliminar un contrato existente","invocations":1,"location":null,"numPassingAsserts":0,"retryReasons":[],"startAt":1760330113465,"status":"passed","title":"DELETE /contracts/:id - debe eliminar un contrato existente"},{"ancestorTitles":["ContractController (integration)"],"duration":4,"failing":false,"failureDetails":[],"failureMessages":[],"fullName":"ContractController (integration) GET /contracts/:id - debe fallar al buscar un ID que no existe","invocations":1,"location":null,"numPassingAsserts":0,"retryReasons":[],"startAt":1760330113476,"status":"passed","title":"GET /contracts/:id - debe fallar al buscar un ID que no existe"}],"endTime":1760330113483,"message":"","name":"/Users/felipe/dev/realEstatePlatform/backend/test/contract/contract.integration.spec.ts","startTime":1760330112997,"status":"passed","summary":""},{"assertionResults":[{"ancestorTitles":["PropertyTypeController (integration)","POST /property-types"],"duration":82,"failing":false,"failureDetails":[],"failureMessages":[],"fullName":"PropertyTypeController (integration) POST /property-types debe crear un nuevo tipo de propiedad","invocations":1,"location":null,"numPassingAsserts":8,"retryReasons":[],"startAt":1760330113714,"status":"passed","title":"debe crear un nuevo tipo de propiedad"},{"ancestorTitles":["PropertyTypeController (integration)","POST /property-types"],"duration":49,"failing":false,"failureDetails":[],"failureMessages":[],"fullName":"PropertyTypeController (integration) POST /property-types debe fallar al crear un tipo de propiedad con nombre duplicado","invocations":1,"location":null,"numPassingAsserts":0,"retryReasons":[],"startAt":1760330113796,"status":"passed","title":"debe fallar al crear un tipo de propiedad con nombre duplicado"},{"ancestorTitles":["PropertyTypeController (integration)","GET /property-types"],"duration":51,"failing":false,"failureDetails":[],"failureMessages":[],"fullName":"PropertyTypeController (integration) GET /property-types debe obtener la lista de tipos de propiedad","invocations":1,"location":null,"numPassingAsserts":2,"retryReasons":[],"startAt":1760330113845,"status":"passed","title":"debe obtener la lista de tipos de propiedad"},{"ancestorTitles":["PropertyTypeController (integration)","GET /property-types/:id"],"duration":49,"failing":false,"failureDetails":[],"failureMessages":[],"fullName":"PropertyTypeController (integration) GET /property-types/:id debe obtener un tipo de propiedad por ID","invocations":1,"location":null,"numPassingAsserts":3,"retryReasons":[],"startAt":1760330113896,"status":"passed","title":"debe obtener un tipo de propiedad por ID"},{"ancestorTitles":["PropertyTypeController (integration)","GET /property-types/:id"],"duration":43,"failing":false,"failureDetails":[],"failureMessages":[],"fullName":"PropertyTypeController (integration) GET /property-types/:id debe fallar al buscar una ID que no existe","invocations":1,"location":null,"numPassingAsserts":0,"retryReasons":[],"startAt":1760330113945,"status":"passed","title":"debe fallar al buscar una ID que no existe"},{"ancestorTitles":["PropertyTypeController (integration)","PATCH /property-types/:id"],"duration":51,"failing":false,"failureDetails":[],"failureMessages":[],"fullName":"PropertyTypeController (integration) PATCH /property-types/:id debe actualizar un tipo de propiedad existente","invocations":1,"location":null,"numPassingAsserts":4,"retryReasons":[],"startAt":1760330113989,"status":"passed","title":"debe actualizar un tipo de propiedad existente"},{"ancestorTitles":["PropertyTypeController (integration)","PATCH /property-types/:id"],"duration":51,"failing":false,"failureDetails":[],"failureMessages":[],"fullName":"PropertyTypeController (integration) PATCH /property-types/:id debe fallar al actualizar con un nombre duplicado","invocations":1,"location":null,"numPassingAsserts":0,"retryReasons":[],"startAt":1760330114040,"status":"passed","title":"debe fallar al actualizar con un nombre duplicado"},{"ancestorTitles":["PropertyTypeController (integration)","DELETE /property-types/:id"],"duration":52,"failing":false,"failureDetails":[],"failureMessages":[],"fullName":"PropertyTypeController (integration) DELETE /property-types/:id debe eliminar un tipo de propiedad existente","invocations":1,"location":null,"numPassingAsserts":0,"retryReasons":[],"startAt":1760330114091,"status":"passed","title":"debe eliminar un tipo de propiedad existente"}],"endTime":1760330114146,"message":"","name":"/Users/felipe/dev/realEstatePlatform/backend/test/property-types/property-type.integration.spec.ts","startTime":1760330113486,"status":"passed","summary":""},{"assertionResults":[{"ancestorTitles":["AuthController (integration)"],"duration":734,"failing":false,"failureDetails":[],"failureMessages":[],"fullName":"AuthController (integration) debe registrar y loguear un usuario real","invocations":1,"location":null,"numPassingAsserts":2,"retryReasons":[],"startAt":1760330114350,"status":"passed","title":"debe registrar y loguear un usuario real"}],"endTime":1760330115093,"message":"","name":"/Users/felipe/dev/realEstatePlatform/backend/test/auth/auth.integration.spec.ts","startTime":1760330114150,"status":"passed","summary":""},{"assertionResults":[{"ancestorTitles":["PersonController (integration)","POST /people"],"duration":88,"failing":false,"failureDetails":[],"failureMessages":[],"fullName":"PersonController (integration) POST /people debe crear una nueva persona","invocations":1,"location":null,"numPassingAsserts":7,"retryReasons":[],"startAt":1760330115379,"status":"passed","title":"debe crear una nueva persona"},{"ancestorTitles":["PersonController (integration)","POST /people"],"duration":63,"failing":false,"failureDetails":[],"failureMessages":[],"fullName":"PersonController (integration) POST /people debe fallar al crear una persona con un DNI duplicado","invocations":1,"location":null,"numPassingAsserts":0,"retryReasons":[],"startAt":1760330115467,"status":"passed","title":"debe fallar al crear una persona con un DNI duplicado"},{"ancestorTitles":["PersonController (integration)","GET /people"],"duration":92,"failing":false,"failureDetails":[],"failureMessages":[],"fullName":"PersonController (integration) GET /people debe obtener la lista de personas","invocations":1,"location":null,"numPassingAsserts":2,"retryReasons":[],"startAt":1760330115530,"status":"passed","title":"debe obtener la lista de personas"},{"ancestorTitles":["PersonController (integration)","GET /people/:id"],"duration":72,"failing":false,"failureDetails":[],"failureMessages":[],"fullName":"PersonController (integration) GET /people/:id debe obtener una persona por ID","invocations":1,"location":null,"numPassingAsserts":4,"retryReasons":[],"startAt":1760330115622,"status":"passed","title":"debe obtener una persona por ID"},{"ancestorTitles":["PersonController (integration)","GET /people/:id"],"duration":47,"failing":false,"failureDetails":[],"failureMessages":[],"fullName":"PersonController (integration) GET /people/:id debe fallar al buscar una ID que no existe","invocations":1,"location":null,"numPassingAsserts":0,"retryReasons":[],"startAt":1760330115695,"status":"passed","title":"debe fallar al buscar una ID que no existe"},{"ancestorTitles":["PersonController (integration)","PATCH /people/:id"],"duration":51,"failing":false,"failureDetails":[],"failureMessages":[],"fullName":"PersonController (integration) PATCH /people/:id debe actualizar una persona existente","invocations":1,"location":null,"numPassingAsserts":3,"retryReasons":[],"startAt":1760330115743,"status":"passed","title":"debe actualizar una persona existente"},{"ancestorTitles":["PersonController (integration)","DELETE /people/:id"],"duration":53,"failing":false,"failureDetails":[],"failureMessages":[],"fullName":"PersonController (integration) DELETE /people/:id debe eliminar una persona existente","invocations":1,"location":null,"numPassingAsserts":0,"retryReasons":[],"startAt":1760330115794,"status":"passed","title":"debe eliminar una persona existente"}],"endTime":1760330115850,"message":"","name":"/Users/felipe/dev/realEstatePlatform/backend/test/person/person.integration.spec.ts","startTime":1760330115096,"status":"passed","summary":""},{"assertionResults":[{"ancestorTitles":["Contracts Document Upload (integration)"],"duration":36,"failing":false,"failureDetails":[],"failureMessages":[],"fullName":"Contracts Document Upload (integration) POST /contracts/upload-document - debe subir un documento PDF a un contrato","invocations":1,"location":null,"numPassingAsserts":5,"retryReasons":[],"startAt":1760330116109,"status":"passed","title":"POST /contracts/upload-document - debe subir un documento PDF a un contrato"},{"ancestorTitles":["Contracts Document Upload (integration)"],"duration":18,"failing":false,"failureDetails":[],"failureMessages":[],"fullName":"Contracts Document Upload (integration) POST /contracts/upload-document - debe subir una imagen de DNI a un contrato","invocations":1,"location":null,"numPassingAsserts":4,"retryReasons":[],"startAt":1760330116146,"status":"passed","title":"POST /contracts/upload-document - debe subir una imagen de DNI a un contrato"},{"ancestorTitles":["Contracts Document Upload (integration)"],"duration":53,"failing":false,"failureDetails":[],"failureMessages":[],"fullName":"Contracts Document Upload (integration) POST /contracts/upload-document - debe actualizar el contrato con el documento subido","invocations":1,"location":null,"numPassingAsserts":5,"retryReasons":[],"startAt":1760330116165,"status":"passed","title":"POST /contracts/upload-document - debe actualizar el contrato con el documento subido"},{"ancestorTitles":["Contracts Document Upload (integration)"],"duration":9,"failing":false,"failureDetails":[],"failureMessages":[],"fullName":"Contracts Document Upload (integration) POST /contracts/upload-document - debe fallar si el tipo de documento no existe","invocations":1,"location":null,"numPassingAsserts":0,"retryReasons":[],"startAt":1760330116218,"status":"passed","title":"POST /contracts/upload-document - debe fallar si el tipo de documento no existe"},{"ancestorTitles":["Contracts Document Upload (integration)"],"duration":8,"failing":false,"failureDetails":[],"failureMessages":[],"fullName":"Contracts Document Upload (integration) POST /contracts/upload-document - debe fallar si el contrato no existe","invocations":1,"location":null,"numPassingAsserts":0,"retryReasons":[],"startAt":1760330116227,"status":"passed","title":"POST /contracts/upload-document - debe fallar si el contrato no existe"}],"endTime":1760330116238,"message":"","name":"/Users/felipe/dev/realEstatePlatform/backend/test/contracts/contracts-document-upload.integration.spec.ts","startTime":1760330115855,"status":"passed","summary":""},{"assertionResults":[{"ancestorTitles":["Multimedia Uploads (e2e)"],"duration":49,"failing":false,"failureDetails":[],"failureMessages":[],"fullName":"Multimedia Uploads (e2e) should upload an image successfully","invocations":1,"location":null,"numPassingAsserts":2,"retryReasons":[],"startAt":1760330116516,"status":"passed","title":"should upload an image successfully"},{"ancestorTitles":["Multimedia Uploads (e2e)"],"duration":104,"failing":false,"failureDetails":[],"failureMessages":[],"fullName":"Multimedia Uploads (e2e) should upload a video successfully","invocations":1,"location":null,"numPassingAsserts":2,"retryReasons":[],"startAt":1760330116565,"status":"passed","title":"should upload a video successfully"}],"endTime":1760330116672,"message":"","name":"/Users/felipe/dev/realEstatePlatform/backend/test/multimedia/multimedia.upload.spec.ts","startTime":1760330116241,"status":"passed","summary":""},{"assertionResults":[{"ancestorTitles":["AuditController (integration)"],"duration":14,"failing":false,"failureDetails":[],"failureMessages":[],"fullName":"AuditController (integration) GET /audit/logs - debe obtener logs de auditoría con filtros","invocations":1,"location":null,"numPassingAsserts":4,"retryReasons":[],"startAt":1760330116921,"status":"passed","title":"GET /audit/logs - debe obtener logs de auditoría con filtros"},{"ancestorTitles":["AuditController (integration)"],"duration":6,"failing":false,"failureDetails":[],"failureMessages":[],"fullName":"AuditController (integration) GET /audit/logs - debe filtrar por acción","invocations":1,"location":null,"numPassingAsserts":2,"retryReasons":[],"startAt":1760330116935,"status":"passed","title":"GET /audit/logs - debe filtrar por acción"},{"ancestorTitles":["AuditController (integration)"],"duration":4,"failing":false,"failureDetails":[],"failureMessages":[],"fullName":"AuditController (integration) GET /audit/logs - debe filtrar por tipo de entidad","invocations":1,"location":null,"numPassingAsserts":2,"retryReasons":[],"startAt":1760330116941,"status":"passed","title":"GET /audit/logs - debe filtrar por tipo de entidad"},{"ancestorTitles":["AuditController (integration)"],"duration":5,"failing":false,"failureDetails":[],"failureMessages":[],"fullName":"AuditController (integration) GET /audit/logs - debe filtrar por éxito","invocations":1,"location":null,"numPassingAsserts":2,"retryReasons":[],"startAt":1760330116945,"status":"passed","title":"GET /audit/logs - debe filtrar por éxito"},{"ancestorTitles":["AuditController (integration)"],"duration":3,"failing":false,"failureDetails":[],"failureMessages":[],"fullName":"AuditController (integration) GET /audit/logs - debe filtrar por fuente","invocations":1,"location":null,"numPassingAsserts":2,"retryReasons":[],"startAt":1760330116950,"status":"passed","title":"GET /audit/logs - debe filtrar por fuente"},{"ancestorTitles":["AuditController (integration)"],"duration":9,"failing":false,"failureDetails":[],"failureMessages":[],"fullName":"AuditController (integration) GET /audit/logs/user/:userId - debe obtener logs de un usuario específico","invocations":1,"location":null,"numPassingAsserts":1,"retryReasons":[],"startAt":1760330116953,"status":"passed","title":"GET /audit/logs/user/:userId - debe obtener logs de un usuario específico"},{"ancestorTitles":["AuditController (integration)"],"duration":4,"failing":false,"failureDetails":[],"failureMessages":[],"fullName":"AuditController (integration) GET /audit/logs/entity/:entityType/:entityId - debe obtener logs de una entidad específica","invocations":1,"location":null,"numPassingAsserts":1,"retryReasons":[],"startAt":1760330116962,"status":"passed","title":"GET /audit/logs/entity/:entityType/:entityId - debe obtener logs de una entidad específica"},{"ancestorTitles":["AuditController (integration)"],"duration":7,"failing":false,"failureDetails":[],"failureMessages":[],"fullName":"AuditController (integration) GET /audit/stats - debe obtener estadísticas de auditoría","invocations":1,"location":null,"numPassingAsserts":10,"retryReasons":[],"startAt":1760330116966,"status":"passed","title":"GET /audit/stats - debe obtener estadísticas de auditoría"},{"ancestorTitles":["AuditController (integration)"],"duration":5,"failing":false,"failureDetails":[],"failureMessages":[],"fullName":"AuditController (integration) GET /audit/stats/actions - debe obtener estadísticas por acciones","invocations":1,"location":null,"numPassingAsserts":1,"retryReasons":[],"startAt":1760330116973,"status":"passed","title":"GET /audit/stats/actions - debe obtener estadísticas por acciones"},{"ancestorTitles":["AuditController (integration)"],"duration":5,"failing":false,"failureDetails":[],"failureMessages":[],"fullName":"AuditController (integration) GET /audit/stats/entities - debe obtener estadísticas por entidades","invocations":1,"location":null,"numPassingAsserts":1,"retryReasons":[],"startAt":1760330116978,"status":"passed","title":"GET /audit/stats/entities - debe obtener estadísticas por entidades"},{"ancestorTitles":["AuditController (integration)"],"duration":4,"failing":false,"failureDetails":[],"failureMessages":[],"fullName":"AuditController (integration) GET /audit/stats/summary - debe obtener resumen de estadísticas","invocations":1,"location":null,"numPassingAsserts":8,"retryReasons":[],"startAt":1760330116983,"status":"passed","title":"GET /audit/stats/summary - debe obtener resumen de estadísticas"},{"ancestorTitles":["AuditController (integration)"],"duration":5,"failing":false,"failureDetails":[],"failureMessages":[],"fullName":"AuditController (integration) GET /audit/logs - debe manejar paginación correctamente","invocations":1,"location":null,"numPassingAsserts":2,"retryReasons":[],"startAt":1760330116987,"status":"passed","title":"GET /audit/logs - debe manejar paginación correctamente"},{"ancestorTitles":["AuditController (integration)"],"duration":3,"failing":false,"failureDetails":[],"failureMessages":[],"fullName":"AuditController (integration) GET /audit/logs - debe manejar filtros de fecha","invocations":1,"location":null,"numPassingAsserts":1,"retryReasons":[],"startAt":1760330116992,"status":"passed","title":"GET /audit/logs - debe manejar filtros de fecha"}],"endTime":1760330116999,"message":"","name":"/Users/felipe/dev/realEstatePlatform/backend/test/audit-log/audit-log.integration.spec.ts","startTime":1760330116676,"status":"passed","summary":""},{"assertionResults":[{"ancestorTitles":["TestimonialController (integration)"],"duration":18,"failing":false,"failureDetails":[],"failureMessages":[],"fullName":"TestimonialController (integration) POST /testimonials - debe crear un nuevo testimonio","invocations":1,"location":null,"numPassingAsserts":3,"retryReasons":[],"startAt":1760330117243,"status":"passed","title":"POST /testimonials - debe crear un nuevo testimonio"},{"ancestorTitles":["TestimonialController (integration)"],"duration":6,"failing":false,"failureDetails":[],"failureMessages":[],"fullName":"TestimonialController (integration) GET /testimonials - debe obtener la lista de testimonios","invocations":1,"location":null,"numPassingAsserts":2,"retryReasons":[],"startAt":1760330117261,"status":"passed","title":"GET /testimonials - debe obtener la lista de testimonios"},{"ancestorTitles":["TestimonialController (integration)"],"duration":5,"failing":false,"failureDetails":[],"failureMessages":[],"fullName":"TestimonialController (integration) GET /testimonials/:id - debe obtener un testimonio por ID","invocations":1,"location":null,"numPassingAsserts":3,"retryReasons":[],"startAt":1760330117267,"status":"passed","title":"GET /testimonials/:id - debe obtener un testimonio por ID"},{"ancestorTitles":["TestimonialController (integration)"],"duration":9,"failing":false,"failureDetails":[],"failureMessages":[],"fullName":"TestimonialController (integration) PATCH /testimonials/:id - debe actualizar un testimonio existente","invocations":1,"location":null,"numPassingAsserts":1,"retryReasons":[],"startAt":1760330117272,"status":"passed","title":"PATCH /testimonials/:id - debe actualizar un testimonio existente"},{"ancestorTitles":["TestimonialController (integration)"],"duration":11,"failing":false,"failureDetails":[],"failureMessages":[],"fullName":"TestimonialController (integration) DELETE /testimonials/:id - debe eliminar un testimonio existente","invocations":1,"location":null,"numPassingAsserts":0,"retryReasons":[],"startAt":1760330117281,"status":"passed","title":"DELETE /testimonials/:id - debe eliminar un testimonio existente"},{"ancestorTitles":["TestimonialController (integration)"],"duration":4,"failing":false,"failureDetails":[],"failureMessages":[],"fullName":"TestimonialController (integration) GET /testimonials/:id - debe fallar al buscar un ID que no existe","invocations":1,"location":null,"numPassingAsserts":0,"retryReasons":[],"startAt":1760330117292,"status":"passed","title":"GET /testimonials/:id - debe fallar al buscar un ID que no existe"}],"endTime":1760330117300,"message":"","name":"/Users/felipe/dev/realEstatePlatform/backend/test/testimonial/testimonial.integration.spec.ts","startTime":1760330117003,"status":"passed","summary":""},{"assertionResults":[{"ancestorTitles":["AboutUsController (integration)"],"duration":14,"failing":false,"failureDetails":[],"failureMessages":[],"fullName":"AboutUsController (integration) POST /about-us - debe crear una nueva entrada de información corporativa","invocations":1,"location":null,"numPassingAsserts":4,"retryReasons":[],"startAt":1760330117569,"status":"passed","title":"POST /about-us - debe crear una nueva entrada de información corporativa"},{"ancestorTitles":["AboutUsController (integration)"],"duration":7,"failing":false,"failureDetails":[],"failureMessages":[],"fullName":"AboutUsController (integration) GET /about-us - debe obtener la lista de información corporativa","invocations":1,"location":null,"numPassingAsserts":2,"retryReasons":[],"startAt":1760330117583,"status":"passed","title":"GET /about-us - debe obtener la lista de información corporativa"},{"ancestorTitles":["AboutUsController (integration)"],"duration":4,"failing":false,"failureDetails":[],"failureMessages":[],"fullName":"AboutUsController (integration) GET /about-us/:id - debe obtener información corporativa por ID","invocations":1,"location":null,"numPassingAsserts":3,"retryReasons":[],"startAt":1760330117590,"status":"passed","title":"GET /about-us/:id - debe obtener información corporativa por ID"},{"ancestorTitles":["AboutUsController (integration)"],"duration":10,"failing":false,"failureDetails":[],"failureMessages":[],"fullName":"AboutUsController (integration) PATCH /about-us/:id - debe actualizar información corporativa existente","invocations":1,"location":null,"numPassingAsserts":3,"retryReasons":[],"startAt":1760330117594,"status":"passed","title":"PATCH /about-us/:id - debe actualizar información corporativa existente"},{"ancestorTitles":["AboutUsController (integration)"],"duration":9,"failing":false,"failureDetails":[],"failureMessages":[],"fullName":"AboutUsController (integration) DELETE /about-us/:id - debe eliminar información corporativa existente","invocations":1,"location":null,"numPassingAsserts":0,"retryReasons":[],"startAt":1760330117604,"status":"passed","title":"DELETE /about-us/:id - debe eliminar información corporativa existente"},{"ancestorTitles":["AboutUsController (integration)"],"duration":4,"failing":false,"failureDetails":[],"failureMessages":[],"fullName":"AboutUsController (integration) GET /about-us/:id - debe fallar al buscar un ID que no existe","invocations":1,"location":null,"numPassingAsserts":0,"retryReasons":[],"startAt":1760330117613,"status":"passed","title":"GET /about-us/:id - debe fallar al buscar un ID que no existe"}],"endTime":1760330117620,"message":"","name":"/Users/felipe/dev/realEstatePlatform/backend/test/about-us/about-us.integration.spec.ts","startTime":1760330117303,"status":"passed","summary":""},{"assertionResults":[{"ancestorTitles":["DocumentController (integration)"],"duration":12,"failing":false,"failureDetails":[],"failureMessages":[],"fullName":"DocumentController (integration) POST /document - debe crear un nuevo documento","invocations":1,"location":null,"numPassingAsserts":4,"retryReasons":[],"startAt":1760330117949,"status":"passed","title":"POST /document - debe crear un nuevo documento"},{"ancestorTitles":["DocumentController (integration)"],"duration":9,"failing":false,"failureDetails":[],"failureMessages":[],"fullName":"DocumentController (integration) GET /document - debe obtener la lista de documentos","invocations":1,"location":null,"numPassingAsserts":1,"retryReasons":[],"startAt":1760330117962,"status":"passed","title":"GET /document - debe obtener la lista de documentos"},{"ancestorTitles":["DocumentController (integration)"],"duration":5,"failing":false,"failureDetails":[],"failureMessages":[],"fullName":"DocumentController (integration) GET /document/:id - debe obtener un documento por ID","invocations":1,"location":null,"numPassingAsserts":2,"retryReasons":[],"startAt":1760330117972,"status":"passed","title":"GET /document/:id - debe obtener un documento por ID"},{"ancestorTitles":["DocumentController (integration)"],"duration":11,"failing":false,"failureDetails":[],"failureMessages":[],"fullName":"DocumentController (integration) PATCH /document/:id - debe actualizar un documento","invocations":1,"location":null,"numPassingAsserts":0,"retryReasons":[],"startAt":1760330117977,"status":"passed","title":"PATCH /document/:id - debe actualizar un documento"},{"ancestorTitles":["DocumentController (integration)"],"duration":12,"failing":false,"failureDetails":[],"failureMessages":[],"fullName":"DocumentController (integration) DELETE /document/:id - debe eliminar un documento existente","invocations":1,"location":null,"numPassingAsserts":0,"retryReasons":[],"startAt":1760330117989,"status":"passed","title":"DELETE /document/:id - debe eliminar un documento existente"},{"ancestorTitles":["DocumentController (integration)"],"duration":4,"failing":false,"failureDetails":[],"failureMessages":[],"fullName":"DocumentController (integration) GET /document/:id - debe fallar al buscar un ID que no existe","invocations":1,"location":null,"numPassingAsserts":0,"retryReasons":[],"startAt":1760330118001,"status":"passed","title":"GET /document/:id - debe fallar al buscar un ID que no existe"}],"endTime":1760330118008,"message":"","name":"/Users/felipe/dev/realEstatePlatform/backend/test/document/document.integration.spec.ts","startTime":1760330117623,"status":"passed","summary":""},{"assertionResults":[{"ancestorTitles":["IdentitiesController (integration)"],"duration":18,"failing":false,"failureDetails":[],"failureMessages":[],"fullName":"IdentitiesController (integration) POST /identities - debe crear una nueva identidad corporativa","invocations":1,"location":null,"numPassingAsserts":5,"retryReasons":[],"startAt":1760330118299,"status":"passed","title":"POST /identities - debe crear una nueva identidad corporativa"},{"ancestorTitles":["IdentitiesController (integration)"],"duration":8,"failing":false,"failureDetails":[],"failureMessages":[],"fullName":"IdentitiesController (integration) GET /identities - debe obtener la lista de identidades corporativas","invocations":1,"location":null,"numPassingAsserts":5,"retryReasons":[],"startAt":1760330118317,"status":"passed","title":"GET /identities - debe obtener la lista de identidades corporativas"},{"ancestorTitles":["IdentitiesController (integration)"],"duration":5,"failing":false,"failureDetails":[],"failureMessages":[],"fullName":"IdentitiesController (integration) GET /identities/:id - debe obtener una identidad corporativa por ID","invocations":1,"location":null,"numPassingAsserts":4,"retryReasons":[],"startAt":1760330118325,"status":"passed","title":"GET /identities/:id - debe obtener una identidad corporativa por ID"},{"ancestorTitles":["IdentitiesController (integration)"],"duration":10,"failing":false,"failureDetails":[],"failureMessages":[],"fullName":"IdentitiesController (integration) PATCH /identities/:id - debe actualizar una identidad corporativa existente","invocations":1,"location":null,"numPassingAsserts":3,"retryReasons":[],"startAt":1760330118330,"status":"passed","title":"PATCH /identities/:id - debe actualizar una identidad corporativa existente"},{"ancestorTitles":["IdentitiesController (integration)"],"duration":11,"failing":false,"failureDetails":[],"failureMessages":[],"fullName":"IdentitiesController (integration) DELETE /identities/:id - debe eliminar una identidad corporativa existente","invocations":1,"location":null,"numPassingAsserts":1,"retryReasons":[],"startAt":1760330118340,"status":"passed","title":"DELETE /identities/:id - debe eliminar una identidad corporativa existente"},{"ancestorTitles":["IdentitiesController (integration)"],"duration":4,"failing":false,"failureDetails":[],"failureMessages":[],"fullName":"IdentitiesController (integration) GET /identities/:id - debe fallar al buscar un ID que no existe","invocations":1,"location":null,"numPassingAsserts":1,"retryReasons":[],"startAt":1760330118351,"status":"passed","title":"GET /identities/:id - debe fallar al buscar un ID que no existe"},{"ancestorTitles":["IdentitiesController (integration)"],"duration":4,"failing":false,"failureDetails":[],"failureMessages":[],"fullName":"IdentitiesController (integration) POST /identities - debe fallar con datos inválidos","invocations":1,"location":null,"numPassingAsserts":1,"retryReasons":[],"startAt":1760330118355,"status":"passed","title":"POST /identities - debe fallar con datos inválidos"}],"endTime":1760330118362,"message":"","name":"/Users/felipe/dev/realEstatePlatform/backend/test/identity/identity.integration.spec.ts","startTime":1760330118012,"status":"passed","summary":""},{"assertionResults":[{"ancestorTitles":["ArticleController (integration)"],"duration":18,"failing":false,"failureDetails":[],"failureMessages":[],"fullName":"ArticleController (integration) POST /articles - debe crear un nuevo artículo","invocations":1,"location":null,"numPassingAsserts":6,"retryReasons":[],"startAt":1760330118616,"status":"passed","title":"POST /articles - debe crear un nuevo artículo"},{"ancestorTitles":["ArticleController (integration)"],"duration":7,"failing":false,"failureDetails":[],"failureMessages":[],"fullName":"ArticleController (integration) GET /articles - debe obtener todos los artículos","invocations":1,"location":null,"numPassingAsserts":5,"retryReasons":[],"startAt":1760330118635,"status":"passed","title":"GET /articles - debe obtener todos los artículos"},{"ancestorTitles":["ArticleController (integration)"],"duration":4,"failing":false,"failureDetails":[],"failureMessages":[],"fullName":"ArticleController (integration) GET /articles/:id - debe obtener un artículo por ID","invocations":1,"location":null,"numPassingAsserts":4,"retryReasons":[],"startAt":1760330118642,"status":"passed","title":"GET /articles/:id - debe obtener un artículo por ID"},{"ancestorTitles":["ArticleController (integration)"],"duration":11,"failing":false,"failureDetails":[],"failureMessages":[],"fullName":"ArticleController (integration) PATCH /articles/:id - debe actualizar un artículo","invocations":1,"location":null,"numPassingAsserts":4,"retryReasons":[],"startAt":1760330118646,"status":"passed","title":"PATCH /articles/:id - debe actualizar un artículo"},{"ancestorTitles":["ArticleController (integration)"],"duration":11,"failing":false,"failureDetails":[],"failureMessages":[],"fullName":"ArticleController (integration) DELETE /articles/:id - debe eliminar un artículo (soft delete)","invocations":1,"location":null,"numPassingAsserts":1,"retryReasons":[],"startAt":1760330118657,"status":"passed","title":"DELETE /articles/:id - debe eliminar un artículo (soft delete)"},{"ancestorTitles":["ArticleController (integration)"],"duration":4,"failing":false,"failureDetails":[],"failureMessages":[],"fullName":"ArticleController (integration) GET /articles/:id - debe retornar 404 para artículo eliminado","invocations":1,"location":null,"numPassingAsserts":1,"retryReasons":[],"startAt":1760330118669,"status":"passed","title":"GET /articles/:id - debe retornar 404 para artículo eliminado"},{"ancestorTitles":["ArticleController (integration)"],"duration":6,"failing":false,"failureDetails":[],"failureMessages":[],"fullName":"ArticleController (integration) POST /articles - debe fallar con datos inválidos","invocations":1,"location":null,"numPassingAsserts":1,"retryReasons":[],"startAt":1760330118673,"status":"passed","title":"POST /articles - debe fallar con datos inválidos"},{"ancestorTitles":["ArticleController (integration)"],"duration":4,"failing":false,"failureDetails":[],"failureMessages":[],"fullName":"ArticleController (integration) GET /articles/:id - debe retornar 404 para ID inexistente","invocations":1,"location":null,"numPassingAsserts":1,"retryReasons":[],"startAt":1760330118679,"status":"passed","title":"GET /articles/:id - debe retornar 404 para ID inexistente"}],"endTime":1760330118686,"message":"","name":"/Users/felipe/dev/realEstatePlatform/backend/test/article/article.integration.spec.ts","startTime":1760330118366,"status":"passed","summary":""},{"assertionResults":[{"ancestorTitles":["TeamMemberController (integration)"],"duration":21,"failing":false,"failureDetails":[],"failureMessages":[],"fullName":"TeamMemberController (integration) POST /team-members - debe crear un nuevo miembro del equipo","invocations":1,"location":null,"numPassingAsserts":4,"retryReasons":[],"startAt":1760330118948,"status":"passed","title":"POST /team-members - debe crear un nuevo miembro del equipo"},{"ancestorTitles":["TeamMemberController (integration)"],"duration":4,"failing":false,"failureDetails":[],"failureMessages":[],"fullName":"TeamMemberController (integration) GET /team-members - debe obtener la lista de miembros del equipo","invocations":1,"location":null,"numPassingAsserts":2,"retryReasons":[],"startAt":1760330118969,"status":"passed","title":"GET /team-members - debe obtener la lista de miembros del equipo"},{"ancestorTitles":["TeamMemberController (integration)"],"duration":5,"failing":false,"failureDetails":[],"failureMessages":[],"fullName":"TeamMemberController (integration) GET /team-members/:id - debe obtener un miembro del equipo por ID","invocations":1,"location":null,"numPassingAsserts":3,"retryReasons":[],"startAt":1760330118973,"status":"passed","title":"GET /team-members/:id - debe obtener un miembro del equipo por ID"},{"ancestorTitles":["TeamMemberController (integration)"],"duration":9,"failing":false,"failureDetails":[],"failureMessages":[],"fullName":"TeamMemberController (integration) PATCH /team-members/:id - debe actualizar un miembro del equipo existente","invocations":1,"location":null,"numPassingAsserts":2,"retryReasons":[],"startAt":1760330118978,"status":"passed","title":"PATCH /team-members/:id - debe actualizar un miembro del equipo existente"},{"ancestorTitles":["TeamMemberController (integration)"],"duration":11,"failing":false,"failureDetails":[],"failureMessages":[],"fullName":"TeamMemberController (integration) DELETE /team-members/:id - debe eliminar un miembro del equipo existente","invocations":1,"location":null,"numPassingAsserts":0,"retryReasons":[],"startAt":1760330118987,"status":"passed","title":"DELETE /team-members/:id - debe eliminar un miembro del equipo existente"},{"ancestorTitles":["TeamMemberController (integration)"],"duration":3,"failing":false,"failureDetails":[],"failureMessages":[],"fullName":"TeamMemberController (integration) GET /team-members/:id - debe fallar al buscar un ID que no existe","invocations":1,"location":null,"numPassingAsserts":0,"retryReasons":[],"startAt":1760330118998,"status":"passed","title":"GET /team-members/:id - debe fallar al buscar un ID que no existe"}],"endTime":1760330119006,"message":"","name":"/Users/felipe/dev/realEstatePlatform/backend/test/team-member/team-member.integration.spec.ts","startTime":1760330118690,"status":"passed","summary":""},{"assertionResults":[{"ancestorTitles":["NotificationController (integration)"],"duration":17,"failing":false,"failureDetails":[],"failureMessages":[],"fullName":"NotificationController (integration) POST /notifications - debe crear una nueva notificación","invocations":1,"location":null,"numPassingAsserts":4,"retryReasons":[],"startAt":1760330119268,"status":"passed","title":"POST /notifications - debe crear una nueva notificación"},{"ancestorTitles":["NotificationController (integration)"],"duration":8,"failing":false,"failureDetails":[],"failureMessages":[],"fullName":"NotificationController (integration) GET /notifications - debe obtener la lista de notificaciones","invocations":1,"location":null,"numPassingAsserts":2,"retryReasons":[],"startAt":1760330119285,"status":"passed","title":"GET /notifications - debe obtener la lista de notificaciones"},{"ancestorTitles":["NotificationController (integration)"],"duration":5,"failing":false,"failureDetails":[],"failureMessages":[],"fullName":"NotificationController (integration) GET /notifications/:id - debe obtener una notificación por ID","invocations":1,"location":null,"numPassingAsserts":3,"retryReasons":[],"startAt":1760330119293,"status":"passed","title":"GET /notifications/:id - debe obtener una notificación por ID"},{"ancestorTitles":["NotificationController (integration)"],"duration":14,"failing":false,"failureDetails":[],"failureMessages":[],"fullName":"NotificationController (integration) PATCH /notifications/:id - debe actualizar una notificación existente","invocations":1,"location":null,"numPassingAsserts":3,"retryReasons":[],"startAt":1760330119298,"status":"passed","title":"PATCH /notifications/:id - debe actualizar una notificación existente"},{"ancestorTitles":["NotificationController (integration)"],"duration":12,"failing":false,"failureDetails":[],"failureMessages":[],"fullName":"NotificationController (integration) DELETE /notifications/:id - debe eliminar una notificación existente","invocations":1,"location":null,"numPassingAsserts":0,"retryReasons":[],"startAt":1760330119312,"status":"passed","title":"DELETE /notifications/:id - debe eliminar una notificación existente"},{"ancestorTitles":["NotificationController (integration)"],"duration":4,"failing":false,"failureDetails":[],"failureMessages":[],"fullName":"NotificationController (integration) GET /notifications/:id - debe fallar al buscar un ID que no existe","invocations":1,"location":null,"numPassingAsserts":0,"retryReasons":[],"startAt":1760330119324,"status":"passed","title":"GET /notifications/:id - debe fallar al buscar un ID que no existe"}],"endTime":1760330119333,"message":"","name":"/Users/felipe/dev/realEstatePlatform/backend/test/notification/notification.integration.spec.ts","startTime":1760330119009,"status":"passed","summary":""},{"assertionResults":[{"ancestorTitles":["DocumentTypeController (integration)"],"duration":16,"failing":false,"failureDetails":[],"failureMessages":[],"fullName":"DocumentTypeController (integration) POST /document-types - debe crear un nuevo tipo de documento","invocations":1,"location":null,"numPassingAsserts":4,"retryReasons":[],"startAt":1760330119586,"status":"passed","title":"POST /document-types - debe crear un nuevo tipo de documento"},{"ancestorTitles":["DocumentTypeController (integration)"],"duration":4,"failing":false,"failureDetails":[],"failureMessages":[],"fullName":"DocumentTypeController (integration) GET /document-types - debe obtener la lista de tipos de documento","invocations":1,"location":null,"numPassingAsserts":2,"retryReasons":[],"startAt":1760330119603,"status":"passed","title":"GET /document-types - debe obtener la lista de tipos de documento"},{"ancestorTitles":["DocumentTypeController (integration)"],"duration":6,"failing":false,"failureDetails":[],"failureMessages":[],"fullName":"DocumentTypeController (integration) GET /document-types/:id - debe obtener un tipo de documento por ID","invocations":1,"location":null,"numPassingAsserts":3,"retryReasons":[],"startAt":1760330119607,"status":"passed","title":"GET /document-types/:id - debe obtener un tipo de documento por ID"},{"ancestorTitles":["DocumentTypeController (integration)"],"duration":9,"failing":false,"failureDetails":[],"failureMessages":[],"fullName":"DocumentTypeController (integration) PATCH /document-types/:id - debe actualizar un tipo de documento existente","invocations":1,"location":null,"numPassingAsserts":3,"retryReasons":[],"startAt":1760330119613,"status":"passed","title":"PATCH /document-types/:id - debe actualizar un tipo de documento existente"},{"ancestorTitles":["DocumentTypeController (integration)"],"duration":10,"failing":false,"failureDetails":[],"failureMessages":[],"fullName":"DocumentTypeController (integration) DELETE /document-types/:id - debe eliminar un tipo de documento existente","invocations":1,"location":null,"numPassingAsserts":0,"retryReasons":[],"startAt":1760330119622,"status":"passed","title":"DELETE /document-types/:id - debe eliminar un tipo de documento existente"},{"ancestorTitles":["DocumentTypeController (integration)"],"duration":5,"failing":false,"failureDetails":[],"failureMessages":[],"fullName":"DocumentTypeController (integration) GET /document-types/:id - debe fallar al buscar un ID que no existe","invocations":1,"location":null,"numPassingAsserts":0,"retryReasons":[],"startAt":1760330119632,"status":"passed","title":"GET /document-types/:id - debe fallar al buscar un ID que no existe"}],"endTime":1760330119642,"message":"","name":"/Users/felipe/dev/realEstatePlatform/backend/test/document-type/document-type.integration.spec.ts","startTime":1760330119336,"status":"passed","summary":""},{"assertionResults":[{"ancestorTitles":["Person Entity"],"duration":44,"failing":false,"failureDetails":[],"failureMessages":[],"fullName":"Person Entity should create a person instance","invocations":1,"location":null,"numPassingAsserts":3,"retryReasons":[],"startAt":1760330119766,"status":"passed","title":"should create a person instance"},{"ancestorTitles":["Person Entity"],"duration":31,"failing":false,"failureDetails":[],"failureMessages":[],"fullName":"Person Entity should handle relations","invocations":1,"location":null,"numPassingAsserts":3,"retryReasons":[],"startAt":1760330119811,"status":"passed","title":"should handle relations"},{"ancestorTitles":["Person Entity"],"duration":42,"failing":false,"failureDetails":[],"failureMessages":[],"fullName":"Person Entity should enforce unique DNI","invocations":1,"location":null,"numPassingAsserts":1,"retryReasons":[],"startAt":1760330119842,"status":"passed","title":"should enforce unique DNI"},{"ancestorTitles":["Person Entity"],"duration":16,"failing":false,"failureDetails":[],"failureMessages":[],"fullName":"Person Entity should allow null fields","invocations":1,"location":null,"numPassingAsserts":3,"retryReasons":[],"startAt":1760330119884,"status":"passed","title":"should allow null fields"}],"endTime":1760330119900,"message":"","name":"/Users/felipe/dev/realEstatePlatform/backend/src/entities/person.entity.spec.ts","startTime":1760330119645,"status":"passed","summary":""},{"assertionResults":[{"ancestorTitles":["AuthController"],"duration":5,"failing":false,"failureDetails":[],"failureMessages":[],"fullName":"AuthController should be defined","invocations":1,"location":null,"numPassingAsserts":1,"retryReasons":[],"startAt":1760330120025,"status":"passed","title":"should be defined"},{"ancestorTitles":["AuthController","signIn"],"duration":5,"failing":false,"failureDetails":[],"failureMessages":[],"fullName":"AuthController signIn should call AuthService.signIn and return its result","invocations":1,"location":null,"numPassingAsserts":2,"retryReasons":[],"startAt":1760330120030,"status":"passed","title":"should call AuthService.signIn and return its result"}],"endTime":1760330120036,"message":"","name":"/Users/felipe/dev/realEstatePlatform/backend/test/auth/auth.controller.spec.ts","startTime":1760330119902,"status":"passed","summary":""},{"assertionResults":[{"ancestorTitles":["AppController","root"],"duration":7,"failing":false,"failureDetails":[],"failureMessages":[],"fullName":"AppController root should return \"Hello World!\"","invocations":1,"location":null,"numPassingAsserts":1,"retryReasons":[],"startAt":1760330120119,"status":"passed","title":"should return \"Hello World!\""}],"endTime":1760330120126,"message":"","name":"/Users/felipe/dev/realEstatePlatform/backend/src/app.controller.spec.ts","startTime":1760330120038,"status":"passed","summary":""}],"wasInterrupted":false}
